#
# A fatal error has been detected by the Java Runtime Environment:
#
#  SIGSEGV (0xb) at pc=0x000000010820b9a0, pid=71850, tid=18179
#
# JRE version: Java(TM) SE Runtime Environment (8.0-b132) (build 1.8.0-b132)
# Java VM: Java HotSpot(TM) 64-Bit Server VM (25.0-b70 mixed mode bsd-amd64 compressed oops)
# Problematic frame:
# V  [libjvm.dylib+0x40b9a0]  Method::checked_resolve_jmethod_id(_jmethodID*)+0xe
#
# Failed to write core dump. Core dumps have been disabled. To enable core dumping, try "ulimit -c unlimited" before starting Java again
#
# If you would like to submit a bug report, please visit:
#   http://bugreport.sun.com/bugreport/crash.jsp
#

---------------  T H R E A D  ---------------

Current thread (0x00007f9388805800):  JavaThread "JDWP Transport Listener: dt_socket" daemon [_thread_in_vm, id=18179, stack(0x000000011f0cc000,0x000000011f1cc000)]

siginfo:si_signo=SIGSEGV: si_errno=0, si_code=0 (SEGV0), si_addr=0x0000000000000000

Registers:
RAX=0x0000000000000001, RBX=0x000000011f1cba8b, RCX=0x00000001085af780, RDX=0x000000011f1cba8b
RSP=0x000000011f1cb9d0, RBP=0x000000011f1cb9e0, RSI=0x00007f9388805800, RDI=0xd000000000000000
R8 =0x00007f93885f6c30, R9 =0x0000000000000000, R10=0x0000000098855b50, R11=0x000000002ce11ccd
R12=0x00007f9388805800, R13=0xd000000000000000, R14=0xd000000000000000, R15=0x00007f938850be70
RIP=0x000000010820b9a0, EFLAGS=0x0000000000010286, ERR=0x0000000000000000
  TRAPNO=0x000000000000000d

Top of Stack: (sp=0x000000011f1cb9d0)
0x000000011f1cb9d0:   000000011f1cba8b 000000011f1cba8b
0x000000011f1cb9e0:   000000011f1cba40 0000000108124cee
0x000000011f1cb9f0:   00007f9388805800 0000000000000000
0x000000011f1cba00:   0000000000000000 0000000000000000
0x000000011f1cba10:   00007f9388805800 00007f9388805800
0x000000011f1cba20:   000000011f1cba8b 000000011f1cba90
0x000000011f1cba30:   d000000000000000 0000000000000001
0x000000011f1cba40:   000000011f1cba60 0000000108de27dc
0x000000011f1cba50:   0000000000000001 000000011f1cbb08
0x000000011f1cba60:   000000011f1cbad0 0000000108dc7263
0x000000011f1cba70:   000000011f1cbaa0 00007f93885f7160
0x000000011f1cba80:   0000000300000032 00000001001cbb08
0x000000011f1cba90:   0000000000000000 0000000000000000
0x000000011f1cbaa0:   0000000000000000 000000011f1cbc90
0x000000011f1cbab0:   0000000108de9eca 00007f93885f6d90
0x000000011f1cbac0:   000000011f1cbb08 0000000108df5588
0x000000011f1cbad0:   000000011f1cbae0 0000000108dc735c
0x000000011f1cbae0:   000000011f1cbd00 0000000108dd08f6
0x000000011f1cbaf0:   0000339600000013 00000000000f0200
0x000000011f1cbb00:   00007f93885f6db0 000000011f1cbb7d
0x000000011f1cbb10:   00007f9300000107 000000011f1cbb20
0x000000011f1cbb20:   00007f9300000025 000000011f1cbb58
0x000000011f1cbb30:   0000000000000000 00007f0000000000
0x000000011f1cbb40:   000033960000000c 00007fff0000ae80
0x000000011f1cbb50:   000000011f1cbb58 937f000003000000
0x000000011f1cbb60:   06000000883c7488 00003e74696e693c
0x000000011f1cbb70:   0000005629280300 0000000100000000
0x000000011f1cbb80:   00000000450a0000 00000000430a0000
0x000000011f1cbb90:   00000000400a0000 00000000fa080000
0x000000011f1cbba0:   00000000e2070000 0000000091070000
0x000000011f1cbbb0:   000000008e070000 000000008d070000
0x000000011f1cbbc0:   000000008c070000 00000000ac060000 

Instructions: (pc=0x000000010820b9a0)
0x000000010820b980:   40 48 48 85 c0 75 e0 30 c0 0f b6 c0 5d c3 31 c0
0x000000010820b990:   5d c3 55 48 89 e5 53 48 83 ec 08 48 85 ff 74 24
0x000000010820b9a0:   48 8b 1f 48 85 db 74 1c 48 83 fb 37 74 16 48 8b
0x000000010820b9b0:   03 48 89 df ff 50 08 84 c0 b8 00 00 00 00 48 0f 

Register to memory mapping:

RAX=0x0000000000000001 is an unknown value
RBX=0x000000011f1cba8b is pointing into the stack for thread: 0x00007f9388805800
RCX=0x00000001085af780: UseMembar+0 in /Library/Java/JavaVirtualMachines/jdk1.8.0.jdk/Contents/Home/jre/lib/server/libjvm.dylib at 0x0000000107e00000
RDX=0x000000011f1cba8b is pointing into the stack for thread: 0x00007f9388805800
RSP=0x000000011f1cb9d0 is pointing into the stack for thread: 0x00007f9388805800
RBP=0x000000011f1cb9e0 is pointing into the stack for thread: 0x00007f9388805800
RSI=0x00007f9388805800 is a thread
RDI=0xd000000000000000 is an unknown value
R8 =0x00007f93885f6c30 is an unknown value
R9 =0x0000000000000000 is an unknown value
R10=0x0000000098855b50 is an unknown value
R11=0x000000002ce11ccd is an unknown value
R12=0x00007f9388805800 is a thread
R13=0xd000000000000000 is an unknown value
R14=0xd000000000000000 is an unknown value
R15=0x00007f938850be70 is an unknown value


Stack: [0x000000011f0cc000,0x000000011f1cc000],  sp=0x000000011f1cb9d0,  free space=1022k
Native frames: (J=compiled Java code, j=interpreted, Vv=VM code, C=native code)
V  [libjvm.dylib+0x40b9a0]  Method::checked_resolve_jmethod_id(_jmethodID*)+0xe
V  [libjvm.dylib+0x324cee]  jvmti_IsMethodSynthetic+0xb2
C  [libjdwp.dylib+0x207dc]  isMethodSynthetic+0x63
C  [libjdwp.dylib+0x5263]  methods1+0x10b
C  [libjdwp.dylib+0x535c]  methodsWithGeneric+0xe
C  [libjdwp.dylib+0xe8f6]  debugLoop_run+0x1ce
C  [libjdwp.dylib+0x1f716]  attachThread+0x4d
V  [libjvm.dylib+0x365d5e]  JvmtiAgentThread::call_start_function()+0x38
V  [libjvm.dylib+0x51d005]  JavaThread::thread_main_inner()+0x9b
V  [libjvm.dylib+0x51e742]  JavaThread::run()+0x1c2
V  [libjvm.dylib+0x445786]  java_start(Thread*)+0xf6
C  [libsystem_pthread.dylib+0x1899]  _pthread_body+0x8a
C  [libsystem_pthread.dylib+0x172a]  _pthread_struct_init+0x0
C  [libsystem_pthread.dylib+0x5fc9]  thread_start+0xd


---------------  P R O C E S S  ---------------

Java Threads: ( => current thread )
  0x00007f9388b59000 JavaThread "XNIO-1 task-8" [_thread_blocked, id=13579, stack(0x0000000121941000,0x0000000121a41000)]
  0x00007f93888f1800 JavaThread "XNIO-1 task-7" [_thread_blocked, id=28679, stack(0x000000012183e000,0x000000012193e000)]
  0x00007f938888c000 JavaThread "XNIO-1 task-6" [_thread_blocked, id=28167, stack(0x000000012173b000,0x000000012183b000)]
  0x00007f9389272000 JavaThread "XNIO-1 task-5" [_thread_blocked, id=27651, stack(0x0000000121438000,0x0000000121538000)]
  0x00007f9388966800 JavaThread "XNIO-1 task-4" [_thread_blocked, id=27139, stack(0x0000000121335000,0x0000000121435000)]
  0x00007f93898cc800 JavaThread "XNIO-1 task-3" [_thread_blocked, id=25351, stack(0x0000000121232000,0x0000000121332000)]
  0x00007f93891dd000 JavaThread "XNIO-1 task-2" [_thread_blocked, id=15375, stack(0x000000011eeba000,0x000000011efba000)]
  0x00007f93898c4000 JavaThread "XNIO-1 task-1" [_thread_blocked, id=26375, stack(0x0000000120f2f000,0x000000012102f000)]
  0x00007f938a002000 JavaThread "DestroyJavaVM" [_thread_blocked, id=6403, stack(0x0000000108cc0000,0x0000000108dc0000)]
  0x00007f93898b8000 JavaThread "XNIO-1 I/O-4" [_thread_in_native, id=24835, stack(0x0000000120a0c000,0x0000000120b0c000)]
  0x00007f938921d000 JavaThread "XNIO-1 I/O-3" [_thread_in_native, id=24323, stack(0x0000000120909000,0x0000000120a09000)]
  0x00007f938921c000 JavaThread "XNIO-1 I/O-2" [_thread_in_native, id=23811, stack(0x0000000120806000,0x0000000120906000)]
  0x00007f938922c800 JavaThread "XNIO-1 I/O-1" [_thread_in_native, id=23299, stack(0x0000000120703000,0x0000000120803000)]
  0x00007f9389158800 JavaThread "MongoCleaner1042306518" daemon [_thread_blocked, id=22787, stack(0x0000000120400000,0x0000000120500000)]
  0x00007f9389a03000 JavaThread "cluster-1-thread-1" daemon [_thread_blocked, id=22275, stack(0x00000001202fd000,0x00000001203fd000)]
  0x00007f938a020000 JavaThread "Service Thread" daemon [_thread_blocked, id=21251, stack(0x000000011f6de000,0x000000011f7de000)]
  0x00007f9389038000 JavaThread "C1 CompilerThread2" daemon [_thread_blocked, id=20739, stack(0x000000011f5db000,0x000000011f6db000)]
  0x00007f9389856800 JavaThread "C2 CompilerThread1" daemon [_thread_blocked, id=20227, stack(0x000000011f4d8000,0x000000011f5d8000)]
  0x00007f938a031800 JavaThread "C2 CompilerThread0" daemon [_thread_blocked, id=19715, stack(0x000000011f3d5000,0x000000011f4d5000)]
  0x00007f938a011800 JavaThread "JDWP Command Reader" daemon [_thread_in_native, id=19203, stack(0x000000011f2d2000,0x000000011f3d2000)]
  0x00007f9388808000 JavaThread "JDWP Event Helper Thread" daemon [_thread_blocked, id=18691, stack(0x000000011f1cf000,0x000000011f2cf000)]
=>0x00007f9388805800 JavaThread "JDWP Transport Listener: dt_socket" daemon [_thread_in_vm, id=18179, stack(0x000000011f0cc000,0x000000011f1cc000)]
  0x00007f938984a800 JavaThread "Signal Dispatcher" daemon [_thread_blocked, id=17667, stack(0x000000011efc2000,0x000000011f0c2000)]
  0x00007f9389844800 JavaThread "Finalizer" daemon [_thread_blocked, id=12547, stack(0x000000011ed7e000,0x000000011ee7e000)]
  0x00007f9389801000 JavaThread "Reference Handler" daemon [_thread_blocked, id=12035, stack(0x000000011ec7b000,0x000000011ed7b000)]

Other Threads:
  0x00007f938902e800 VMThread [stack: 0x000000011eb78000,0x000000011ec78000] [id=11523]
  0x00007f938a030800 WatcherThread [stack: 0x000000011f7e1000,0x000000011f8e1000] [id=21763]

VM state:not at safepoint (normal execution)

VM Mutex/Monitor currently owned by a thread: None

Heap:
 PSYoungGen      total 12800K, used 4983K [0x0000000795580000, 0x0000000796500000, 0x00000007c0000000)
  eden space 9728K, 31% used [0x0000000795580000,0x000000079587fe08,0x0000000795f00000)
  from space 3072K, 62% used [0x0000000795f00000,0x00000007960de1b8,0x0000000796200000)
  to   space 3072K, 0% used [0x0000000796200000,0x0000000796200000,0x0000000796500000)
 ParOldGen       total 129536K, used 6117K [0x0000000740000000, 0x0000000747e80000, 0x0000000795580000)
  object space 129536K, 4% used [0x0000000740000000,0x00000007405f9628,0x0000000747e80000)
 Metaspace       used 18615K, capacity 18828K, committed 19328K, reserved 1067008K
  class space    used 2260K, capacity 2310K, committed 2432K, reserved 1048576K

Card table byte_map: [0x00000001181cd000,0x00000001185ce000] byte_map_base: 0x00000001147cd000

Marking Bits: (ParMarkBitMap*) 0x00000001086660a0
 Begin Bits: [0x0000000118c85000, 0x000000011ac85000)
 End Bits:   [0x000000011ac85000, 0x000000011cc85000)

Polling page: 0x00000001075db000

CodeCache: size=245760Kb used=4935Kb max_used=4956Kb free=240825Kb
 bounds [0x0000000108e0d000, 0x00000001092ed000, 0x0000000117e0d000]
 total_blobs=1911 nmethods=1483 adapters=351
 compilation: enabled

Compilation events (10 events):
Event: 158.861 Thread 0x00007f9389038000 1479       3       java.util.concurrent.ConcurrentLinkedQueue::updateHead (20 bytes)
Event: 158.862 Thread 0x00007f9389038000 nmethod 1479 0x00000001092de910 code [0x00000001092dea80, 0x00000001092ded70]
Event: 159.628 Thread 0x00007f9389038000 1480       1       org.bson.util.AbstractCopyOnWriteMap::set (6 bytes)
Event: 159.628 Thread 0x00007f9389038000 nmethod 1480 0x00000001092d48d0 code [0x00000001092d4a20, 0x00000001092d4b50]
Event: 159.628 Thread 0x00007f9389038000 1481       1       com.mongodb.ChangeEvent::getNewValue (5 bytes)
Event: 159.629 Thread 0x00007f9389038000 nmethod 1481 0x00000001092de650 code [0x00000001092de7a0, 0x00000001092de8b0]
Event: 164.628 Thread 0x00007f9389856800 1482       4       java.util.concurrent.locks.ReentrantLock$Sync::tryRelease (45 bytes)
Event: 164.629 Thread 0x00007f938a031800 1483       4       java.lang.ref.SoftReference::get (29 bytes)
Event: 164.630 Thread 0x00007f9389856800 nmethod 1482 0x00000001092dced0 code [0x00000001092dd000, 0x00000001092dd0b8]
Event: 164.630 Thread 0x00007f938a031800 nmethod 1483 0x00000001092dcc90 code [0x00000001092dcdc0, 0x00000001092dce58]

GC Heap History (10 events):
Event: 3.743 GC heap before
{Heap before GC invocations=13 (full 0):
 PSYoungGen      total 7168K, used 7031K [0x0000000795580000, 0x0000000795d80000, 0x00000007c0000000)
  eden space 6144K, 100% used [0x0000000795580000,0x0000000795b80000,0x0000000795b80000)
  from space 1024K, 86% used [0x0000000795c80000,0x0000000795d5dea8,0x0000000795d80000)
  to   space 1024K, 0% used [0x0000000795b80000,0x0000000795b80000,0x0000000795c80000)
 ParOldGen       total 129536K, used 1639K [0x0000000740000000, 0x0000000747e80000, 0x0000000795580000)
  object space 129536K, 1% used [0x0000000740000000,0x0000000740199f18,0x0000000747e80000)
 Metaspace       used 10074K, capacity 10270K, committed 10624K, reserved 1058816K
  class space    used 1233K, capacity 1309K, committed 1408K, reserved 1048576K
Event: 3.748 GC heap after
Heap after GC invocations=13 (full 0):
 PSYoungGen      total 7168K, used 995K [0x0000000795580000, 0x0000000796280000, 0x00000007c0000000)
  eden space 6144K, 0% used [0x0000000795580000,0x0000000795580000,0x0000000795b80000)
  from space 1024K, 97% used [0x0000000795b80000,0x0000000795c78db0,0x0000000795c80000)
  to   space 1536K, 0% used [0x0000000796100000,0x0000000796100000,0x0000000796280000)
 ParOldGen       total 129536K, used 2438K [0x0000000740000000, 0x0000000747e80000, 0x0000000795580000)
  object space 129536K, 1% used [0x0000000740000000,0x0000000740261910,0x0000000747e80000)
 Metaspace       used 10074K, capacity 10270K, committed 10624K, reserved 1058816K
  class space    used 1233K, capacity 1309K, committed 1408K, reserved 1048576K
}
Event: 5.666 GC heap before
{Heap before GC invocations=14 (full 0):
 PSYoungGen      total 7168K, used 7139K [0x0000000795580000, 0x0000000796280000, 0x00000007c0000000)
  eden space 6144K, 100% used [0x0000000795580000,0x0000000795b80000,0x0000000795b80000)
  from space 1024K, 97% used [0x0000000795b80000,0x0000000795c78db0,0x0000000795c80000)
  to   space 1536K, 0% used [0x0000000796100000,0x0000000796100000,0x0000000796280000)
 ParOldGen       total 129536K, used 2438K [0x0000000740000000, 0x0000000747e80000, 0x0000000795580000)
  object space 129536K, 1% used [0x0000000740000000,0x0000000740261910,0x0000000747e80000)
 Metaspace       used 12432K, capacity 12638K, committed 12928K, reserved 1060864K
  class space    used 1558K, capacity 1629K, committed 1664K, reserved 1048576K
Event: 5.669 GC heap after
Heap after GC invocations=14 (full 0):
 PSYoungGen      total 11776K, used 1387K [0x0000000795580000, 0x0000000796280000, 0x00000007c0000000)
  eden space 10240K, 0% used [0x0000000795580000,0x0000000795580000,0x0000000795f80000)
  from space 1536K, 90% used [0x0000000796100000,0x000000079625ad30,0x0000000796280000)
  to   space 1536K, 0% used [0x0000000795f80000,0x0000000795f80000,0x0000000796100000)
 ParOldGen       total 129536K, used 3134K [0x0000000740000000, 0x0000000747e80000, 0x0000000795580000)
  object space 129536K, 2% used [0x0000000740000000,0x000000074030f910,0x0000000747e80000)
 Metaspace       used 12432K, capacity 12638K, committed 12928K, reserved 1060864K
  class space    used 1558K, capacity 1629K, committed 1664K, reserved 1048576K
}
Event: 8.593 GC heap before
{Heap before GC invocations=15 (full 0):
 PSYoungGen      total 11776K, used 11627K [0x0000000795580000, 0x0000000796280000, 0x00000007c0000000)
  eden space 10240K, 100% used [0x0000000795580000,0x0000000795f80000,0x0000000795f80000)
  from space 1536K, 90% used [0x0000000796100000,0x000000079625ad30,0x0000000796280000)
  to   space 1536K, 0% used [0x0000000795f80000,0x0000000795f80000,0x0000000796100000)
 ParOldGen       total 129536K, used 3134K [0x0000000740000000, 0x0000000747e80000, 0x0000000795580000)
  object space 129536K, 2% used [0x0000000740000000,0x000000074030f910,0x0000000747e80000)
 Metaspace       used 14021K, capacity 14212K, committed 14464K, reserved 1062912K
  class space    used 1763K, capacity 1854K, committed 1920K, reserved 1048576K
Event: 8.599 GC heap after
Heap after GC invocations=15 (full 0):
 PSYoungGen      total 11776K, used 1519K [0x0000000795580000, 0x0000000796480000, 0x00000007c0000000)
  eden space 10240K, 0% used [0x0000000795580000,0x0000000795580000,0x0000000795f80000)
  from space 1536K, 98% used [0x0000000795f80000,0x00000007960fbd48,0x0000000796100000)
  to   space 2560K, 0% used [0x0000000796200000,0x0000000796200000,0x0000000796480000)
 ParOldGen       total 129536K, used 4660K [0x0000000740000000, 0x0000000747e80000, 0x0000000795580000)
  object space 129536K, 3% used [0x0000000740000000,0x000000074048d330,0x0000000747e80000)
 Metaspace       used 14021K, capacity 14212K, committed 14464K, reserved 1062912K
  class space    used 1763K, capacity 1854K, committed 1920K, reserved 1048576K
}
Event: 9.800 GC heap before
{Heap before GC invocations=16 (full 0):
 PSYoungGen      total 11776K, used 11757K [0x0000000795580000, 0x0000000796480000, 0x00000007c0000000)
  eden space 10240K, 99% used [0x0000000795580000,0x0000000795f7fa28,0x0000000795f80000)
  from space 1536K, 98% used [0x0000000795f80000,0x00000007960fbd48,0x0000000796100000)
  to   space 2560K, 0% used [0x0000000796200000,0x0000000796200000,0x0000000796480000)
 ParOldGen       total 129536K, used 4660K [0x0000000740000000, 0x0000000747e80000, 0x0000000795580000)
  object space 129536K, 3% used [0x0000000740000000,0x000000074048d330,0x0000000747e80000)
 Metaspace       used 16881K, capacity 17072K, committed 17280K, reserved 1064960K
  class space    used 2065K, capacity 2112K, committed 2176K, reserved 1048576K
Event: 9.804 GC heap after
Heap after GC invocations=16 (full 0):
 PSYoungGen      total 12288K, used 2244K [0x0000000795580000, 0x0000000796580000, 0x00000007c0000000)
  eden space 9728K, 0% used [0x0000000795580000,0x0000000795580000,0x0000000795f00000)
  from space 2560K, 87% used [0x0000000796200000,0x0000000796431038,0x0000000796480000)
  to   space 3072K, 0% used [0x0000000795f00000,0x0000000795f00000,0x0000000796200000)
 ParOldGen       total 129536K, used 5412K [0x0000000740000000, 0x0000000747e80000, 0x0000000795580000)
  object space 129536K, 4% used [0x0000000740000000,0x0000000740549330,0x0000000747e80000)
 Metaspace       used 16881K, capacity 17072K, committed 17280K, reserved 1064960K
  class space    used 2065K, capacity 2112K, committed 2176K, reserved 1048576K
}
Event: 21.920 GC heap before
{Heap before GC invocations=17 (full 0):
 PSYoungGen      total 12288K, used 11959K [0x0000000795580000, 0x0000000796580000, 0x00000007c0000000)
  eden space 9728K, 99% used [0x0000000795580000,0x0000000795efce38,0x0000000795f00000)
  from space 2560K, 87% used [0x0000000796200000,0x0000000796431038,0x0000000796480000)
  to   space 3072K, 0% used [0x0000000795f00000,0x0000000795f00000,0x0000000796200000)
 ParOldGen       total 129536K, used 5412K [0x0000000740000000, 0x0000000747e80000, 0x0000000795580000)
  object space 129536K, 4% used [0x0000000740000000,0x0000000740549330,0x0000000747e80000)
 Metaspace       used 18369K, capacity 18544K, committed 18688K, reserved 1064960K
  class space    used 2236K, capacity 2304K, committed 2304K, reserved 1048576K
Event: 21.925 GC heap after
Heap after GC invocations=17 (full 0):
 PSYoungGen      total 12800K, used 1912K [0x0000000795580000, 0x0000000796500000, 0x00000007c0000000)
  eden space 9728K, 0% used [0x0000000795580000,0x0000000795580000,0x0000000795f00000)
  from space 3072K, 62% used [0x0000000795f00000,0x00000007960de1b8,0x0000000796200000)
  to   space 3072K, 0% used [0x0000000796200000,0x0000000796200000,0x0000000796500000)
 ParOldGen       total 129536K, used 6117K [0x0000000740000000, 0x0000000747e80000, 0x0000000795580000)
  object space 129536K, 4% used [0x0000000740000000,0x00000007405f9628,0x0000000747e80000)
 Metaspace       used 18369K, capacity 18544K, committed 18688K, reserved 1064960K
  class space    used 2236K, capacity 2304K, committed 2304K, reserved 1048576K
}

Deoptimization events (9 events):
Event: 1.772 Thread 0x00007f938a002000 Uncommon trap: reason=unreached action=reinterpret pc=0x0000000108ff5638 method=sun.misc.URLClassPath$JarLoader.ensureOpen()V @ 4
Event: 2.036 Thread 0x00007f938a002000 Uncommon trap: reason=unreached action=reinterpret pc=0x0000000108fc09f0 method=java.util.HashMap.hash(Ljava/lang/Object;)I @ 1
Event: 3.304 Thread 0x00007f938a002000 Uncommon trap: reason=unreached action=reinterpret pc=0x00000001090abb4c method=java.lang.AbstractStringBuilder.append(Ljava/lang/String;)Ljava/lang/AbstractStringBuilder; @ 1
Event: 3.574 Thread 0x00007f938a002000 Uncommon trap: reason=unreached action=reinterpret pc=0x0000000108fef8dc method=java.lang.AbstractStringBuilder.append(Ljava/lang/String;)Ljava/lang/AbstractStringBuilder; @ 1
Event: 8.275 Thread 0x00007f938922c800 Uncommon trap: reason=class_check action=maybe_recompile pc=0x000000010915ff4c method=java.util.jar.JarFile.getJarEntry(Ljava/lang/String;)Ljava/util/jar/JarEntry; @ 2
Event: 8.275 Thread 0x00007f938922c800 Uncommon trap: reason=class_check action=maybe_recompile pc=0x000000010915ff4c method=java.util.jar.JarFile.getJarEntry(Ljava/lang/String;)Ljava/util/jar/JarEntry; @ 2
Event: 8.275 Thread 0x00007f938922c800 Uncommon trap: reason=class_check action=maybe_recompile pc=0x000000010915ff4c method=java.util.jar.JarFile.getJarEntry(Ljava/lang/String;)Ljava/util/jar/JarEntry; @ 2
Event: 8.276 Thread 0x00007f938922c800 Uncommon trap: reason=class_check action=maybe_recompile pc=0x000000010915ff4c method=java.util.jar.JarFile.getJarEntry(Ljava/lang/String;)Ljava/util/jar/JarEntry; @ 2
Event: 10.147 Thread 0x00007f93898c4000 Uncommon trap: reason=unreached action=reinterpret pc=0x0000000109279410 method=java.lang.ThreadLocal$ThreadLocalMap.getEntry(Ljava/lang/ThreadLocal;)Ljava/lang/ThreadLocal$ThreadLocalMap$Entry; @ 29

Internal exceptions (10 events):
Event: 144.611 Thread 0x00007f9388b59000 Exception <a 'java/security/PrivilegedActionException'> (0x0000000795802b58) thrown at [/HUDSON/workspace/8-2-build-macosx-x86_64/jdk8/2238/hotspot/src/share/vm/prims/jvm.cpp, line 1248]
Event: 144.611 Thread 0x00007f9388b59000 Exception <a 'java/security/PrivilegedActionException'> (0x00000007958067f0) thrown at [/HUDSON/workspace/8-2-build-macosx-x86_64/jdk8/2238/hotspot/src/share/vm/prims/jvm.cpp, line 1248]
Event: 144.611 Thread 0x00007f9388b59000 Exception <a 'java/lang/ClassNotFoundException': com.softinstigate.restheart.handlers.collection.GetCollectionHandler$$Lambda$5/1288882024> (0x0000000795806a88) thrown at [/HUDSON/workspace/8-2-build-macosx-x86_64/jdk8/2238/hotspot/src/share/vm/prims/jni.
Event: 144.611 Thread 0x00007f9388b59000 Exception <a 'java/security/PrivilegedActionException'> (0x0000000795809d98) thrown at [/HUDSON/workspace/8-2-build-macosx-x86_64/jdk8/2238/hotspot/src/share/vm/prims/jvm.cpp, line 1248]
Event: 144.611 Thread 0x00007f9388b59000 Exception <a 'java/security/PrivilegedActionException'> (0x000000079580dab8) thrown at [/HUDSON/workspace/8-2-build-macosx-x86_64/jdk8/2238/hotspot/src/share/vm/prims/jvm.cpp, line 1248]
Event: 144.611 Thread 0x00007f9388b59000 Exception <a 'java/lang/ClassNotFoundException': com.softinstigate.restheart.handlers.collection.GetCollectionHandler$$Lambda$4/464257610> (0x000000079580dd48) thrown at [/HUDSON/workspace/8-2-build-macosx-x86_64/jdk8/2238/hotspot/src/share/vm/prims/jni.c
Event: 144.612 Thread 0x00007f9388b59000 Exception <a 'java/security/PrivilegedActionException'> (0x0000000795822510) thrown at [/HUDSON/workspace/8-2-build-macosx-x86_64/jdk8/2238/hotspot/src/share/vm/prims/jvm.cpp, line 1248]
Event: 144.664 Thread 0x00007f9388b59000 Exception <a 'java/security/PrivilegedActionException'> (0x000000079583fd30) thrown at [/HUDSON/workspace/8-2-build-macosx-x86_64/jdk8/2238/hotspot/src/share/vm/prims/jvm.cpp, line 1248]
Event: 144.706 Thread 0x00007f9388b59000 Exception <a 'java/security/PrivilegedActionException'> (0x000000079584ba38) thrown at [/HUDSON/workspace/8-2-build-macosx-x86_64/jdk8/2238/hotspot/src/share/vm/prims/jvm.cpp, line 1248]
Event: 144.807 Thread 0x00007f9388b59000 Exception <a 'java/security/PrivilegedActionException'> (0x0000000795852910) thrown at [/HUDSON/workspace/8-2-build-macosx-x86_64/jdk8/2238/hotspot/src/share/vm/prims/jvm.cpp, line 1248]

Events (10 events):
Event: 144.807 Thread 0x00007f9388b59000 DEOPT PACKING pc=0x0000000108fd7514 sp=0x0000000121a3daa0
Event: 144.807 Thread 0x00007f9388b59000 DEOPT UNPACKING pc=0x0000000108e5401a sp=0x0000000121a3d7f0 mode 1
Event: 144.807 Thread 0x00007f9388b59000 DEOPT PACKING pc=0x0000000108fb39a4 sp=0x0000000121a3e5a0
Event: 144.807 Thread 0x00007f9388b59000 DEOPT UNPACKING pc=0x0000000108e5401a sp=0x0000000121a3e308 mode 1
Event: 144.807 Thread 0x00007f9388b59000 DEOPT PACKING pc=0x0000000108f76e04 sp=0x0000000121a3e610
Event: 144.807 Thread 0x00007f9388b59000 DEOPT UNPACKING pc=0x0000000108e5401a sp=0x0000000121a3e450 mode 1
Event: 144.807 Thread 0x00007f9388b59000 DEOPT PACKING pc=0x0000000108f76b94 sp=0x0000000121a3e7a0
Event: 144.807 Thread 0x00007f9388b59000 DEOPT UNPACKING pc=0x0000000108e5401a sp=0x0000000121a3e5e0 mode 1
Event: 165.682 Executing VM operation: RedefineClasses
Event: 165.726 Executing VM operation: RedefineClasses done


Dynamic libraries:
0x0000000009c75000 	/System/Library/Frameworks/Cocoa.framework/Versions/A/Cocoa
0x0000000009c75000 	/System/Library/Frameworks/Security.framework/Versions/A/Security
0x0000000009c75000 	/System/Library/Frameworks/ApplicationServices.framework/Versions/A/ApplicationServices
0x0000000009c75000 	/usr/lib/libz.1.dylib
0x0000000009c75000 	/usr/lib/libSystem.B.dylib
0x0000000009c75000 	/usr/lib/libobjc.A.dylib
0x0000000009c75000 	/System/Library/Frameworks/CoreFoundation.framework/Versions/A/CoreFoundation
0x0000000009c75000 	/System/Library/Frameworks/Foundation.framework/Versions/C/Foundation
0x0000000009c75000 	/System/Library/Frameworks/AppKit.framework/Versions/C/AppKit
0x0000000009c75000 	/System/Library/Frameworks/CoreData.framework/Versions/A/CoreData
0x0000000009c75000 	/System/Library/PrivateFrameworks/RemoteViewServices.framework/Versions/A/RemoteViewServices
0x0000000009c75000 	/System/Library/Frameworks/AudioToolbox.framework/Versions/A/AudioToolbox
0x0000000009c75000 	/System/Library/Frameworks/AudioUnit.framework/Versions/A/AudioUnit
0x0000000009c75000 	/System/Library/PrivateFrameworks/DataDetectorsCore.framework/Versions/A/DataDetectorsCore
0x0000000009c75000 	/System/Library/PrivateFrameworks/DesktopServicesPriv.framework/Versions/A/DesktopServicesPriv
0x0000000009c75000 	/System/Library/Frameworks/Carbon.framework/Versions/A/Frameworks/HIToolbox.framework/Versions/A/HIToolbox
0x0000000009c75000 	/System/Library/Frameworks/QuartzCore.framework/Versions/A/QuartzCore
0x0000000009c75000 	/System/Library/Frameworks/Carbon.framework/Versions/A/Frameworks/SpeechRecognition.framework/Versions/A/SpeechRecognition
0x0000000009c75000 	/usr/lib/libauto.dylib
0x0000000009c75000 	/usr/lib/libicucore.A.dylib
0x0000000009c75000 	/usr/lib/libxml2.2.dylib
0x0000000009c75000 	/System/Library/PrivateFrameworks/CoreUI.framework/Versions/A/CoreUI
0x0000000009c75000 	/System/Library/Frameworks/CoreAudio.framework/Versions/A/CoreAudio
0x0000000009c75000 	/System/Library/Frameworks/DiskArbitration.framework/Versions/A/DiskArbitration
0x0000000009c75000 	/usr/lib/liblangid.dylib
0x0000000009c75000 	/System/Library/PrivateFrameworks/MultitouchSupport.framework/Versions/A/MultitouchSupport
0x0000000009c75000 	/System/Library/Frameworks/IOKit.framework/Versions/A/IOKit
0x0000000009c75000 	/usr/lib/libDiagnosticMessagesClient.dylib
0x0000000009c75000 	/System/Library/Frameworks/CoreServices.framework/Versions/A/CoreServices
0x0000000009c75000 	/System/Library/PrivateFrameworks/PerformanceAnalysis.framework/Versions/A/PerformanceAnalysis
0x0000000009c75000 	/System/Library/PrivateFrameworks/GenerationalStorage.framework/Versions/A/GenerationalStorage
0x0000000009c75000 	/System/Library/Frameworks/OpenGL.framework/Versions/A/OpenGL
0x0000000009c75000 	/System/Library/PrivateFrameworks/Sharing.framework/Versions/A/Sharing
0x0000000009c75000 	/System/Library/Frameworks/ImageIO.framework/Versions/A/ImageIO
0x0000000009c75000 	/System/Library/Frameworks/CoreText.framework/Versions/A/CoreText
0x0000000009c75000 	/System/Library/Frameworks/CoreGraphics.framework/Versions/A/CoreGraphics
0x0000000009c75000 	/System/Library/PrivateFrameworks/Backup.framework/Versions/A/Backup
0x0000000009c75000 	/System/Library/Frameworks/CFNetwork.framework/Versions/A/CFNetwork
0x0000000009c75000 	/System/Library/Frameworks/SystemConfiguration.framework/Versions/A/SystemConfiguration
0x0000000009c75000 	/usr/lib/libCRFSuite.dylib
0x0000000009c75000 	/usr/lib/libc++.1.dylib
0x0000000009c75000 	/usr/lib/libc++abi.dylib
0x0000000009c75000 	/usr/lib/system/libcache.dylib
0x0000000009c75000 	/usr/lib/system/libcommonCrypto.dylib
0x0000000009c75000 	/usr/lib/system/libcompiler_rt.dylib
0x0000000009c75000 	/usr/lib/system/libcopyfile.dylib
0x0000000009c75000 	/usr/lib/system/libcorecrypto.dylib
0x0000000009c75000 	/usr/lib/system/libdispatch.dylib
0x0000000009c75000 	/usr/lib/system/libdyld.dylib
0x0000000009c75000 	/usr/lib/system/libkeymgr.dylib
0x0000000009c75000 	/usr/lib/system/liblaunch.dylib
0x0000000009c75000 	/usr/lib/system/libmacho.dylib
0x0000000009c75000 	/usr/lib/system/libquarantine.dylib
0x0000000009c75000 	/usr/lib/system/libremovefile.dylib
0x0000000009c75000 	/usr/lib/system/libsystem_asl.dylib
0x0000000009c75000 	/usr/lib/system/libsystem_blocks.dylib
0x0000000009c75000 	/usr/lib/system/libsystem_c.dylib
0x0000000009c75000 	/usr/lib/system/libsystem_configuration.dylib
0x0000000009c75000 	/usr/lib/system/libsystem_dnssd.dylib
0x0000000009c75000 	/usr/lib/system/libsystem_info.dylib
0x0000000009c75000 	/usr/lib/system/libsystem_kernel.dylib
0x0000000009c75000 	/usr/lib/system/libsystem_m.dylib
0x0000000009c75000 	/usr/lib/system/libsystem_malloc.dylib
0x0000000009c75000 	/usr/lib/system/libsystem_network.dylib
0x0000000009c75000 	/usr/lib/system/libsystem_notify.dylib
0x0000000009c75000 	/usr/lib/system/libsystem_platform.dylib
0x0000000009c75000 	/usr/lib/system/libsystem_pthread.dylib
0x0000000009c75000 	/usr/lib/system/libsystem_sandbox.dylib
0x0000000009c75000 	/usr/lib/system/libsystem_stats.dylib
0x0000000009c75000 	/usr/lib/system/libunc.dylib
0x0000000009c75000 	/usr/lib/system/libunwind.dylib
0x0000000009c75000 	/usr/lib/system/libxpc.dylib
0x0000000009c75000 	/usr/lib/libbsm.0.dylib
0x0000000009c75000 	/usr/lib/libsqlite3.dylib
0x0000000009c75000 	/usr/lib/libxar.1.dylib
0x0000000009c75000 	/usr/lib/libpam.2.dylib
0x0000000009c75000 	/usr/lib/libOpenScriptingUtil.dylib
0x0000000009c75000 	/usr/lib/libbz2.1.0.dylib
0x0000000009c75000 	/System/Library/Frameworks/CoreServices.framework/Versions/A/Frameworks/CarbonCore.framework/Versions/A/CarbonCore
0x0000000009c75000 	/System/Library/Frameworks/CoreServices.framework/Versions/A/Frameworks/Metadata.framework/Versions/A/Metadata
0x0000000009c75000 	/System/Library/Frameworks/CoreServices.framework/Versions/A/Frameworks/OSServices.framework/Versions/A/OSServices
0x0000000009c75000 	/System/Library/Frameworks/CoreServices.framework/Versions/A/Frameworks/SearchKit.framework/Versions/A/SearchKit
0x0000000009c75000 	/System/Library/Frameworks/CoreServices.framework/Versions/A/Frameworks/AE.framework/Versions/A/AE
0x0000000009c75000 	/System/Library/Frameworks/CoreServices.framework/Versions/A/Frameworks/LaunchServices.framework/Versions/A/LaunchServices
0x0000000009c75000 	/System/Library/Frameworks/CoreServices.framework/Versions/A/Frameworks/DictionaryServices.framework/Versions/A/DictionaryServices
0x0000000009c75000 	/System/Library/Frameworks/NetFS.framework/Versions/A/NetFS
0x0000000009c75000 	/usr/lib/system/libkxld.dylib
0x0000000009c75000 	/System/Library/PrivateFrameworks/NetAuth.framework/Versions/A/NetAuth
0x0000000009c75000 	/System/Library/PrivateFrameworks/TCC.framework/Versions/A/TCC
0x0000000009c75000 	/System/Library/Frameworks/OpenDirectory.framework/Versions/A/Frameworks/CFOpenDirectory.framework/Versions/A/CFOpenDirectory
0x0000000009c75000 	/System/Library/Frameworks/ServiceManagement.framework/Versions/A/ServiceManagement
0x0000000009c75000 	/usr/lib/libxslt.1.dylib
0x0000000009c75000 	/System/Library/Frameworks/Carbon.framework/Versions/A/Frameworks/Ink.framework/Versions/A/Ink
0x0000000009c75000 	/System/Library/Frameworks/ApplicationServices.framework/Versions/A/Frameworks/ATS.framework/Versions/A/ATS
0x0000000009c75000 	/System/Library/Frameworks/ApplicationServices.framework/Versions/A/Frameworks/ColorSync.framework/Versions/A/ColorSync
0x0000000009c75000 	/System/Library/Frameworks/ApplicationServices.framework/Versions/A/Frameworks/HIServices.framework/Versions/A/HIServices
0x0000000009c75000 	/System/Library/Frameworks/ApplicationServices.framework/Versions/A/Frameworks/LangAnalysis.framework/Versions/A/LangAnalysis
0x0000000009c75000 	/System/Library/Frameworks/ApplicationServices.framework/Versions/A/Frameworks/PrintCore.framework/Versions/A/PrintCore
0x0000000009c75000 	/System/Library/Frameworks/ApplicationServices.framework/Versions/A/Frameworks/QD.framework/Versions/A/QD
0x0000000009c75000 	/System/Library/Frameworks/ApplicationServices.framework/Versions/A/Frameworks/SpeechSynthesis.framework/Versions/A/SpeechSynthesis
0x0000000009c75000 	/System/Library/Frameworks/IOSurface.framework/Versions/A/IOSurface
0x0000000009c75000 	/System/Library/Frameworks/Accelerate.framework/Versions/A/Accelerate
0x0000000009c75000 	/System/Library/Frameworks/Accelerate.framework/Versions/A/Frameworks/vImage.framework/Versions/A/vImage
0x0000000009c75000 	/System/Library/Frameworks/Accelerate.framework/Versions/A/Frameworks/vecLib.framework/Versions/A/vecLib
0x0000000009c75000 	/System/Library/Frameworks/Accelerate.framework/Versions/A/Frameworks/vecLib.framework/Versions/A/libvDSP.dylib
0x0000000009c75000 	/System/Library/Frameworks/Accelerate.framework/Versions/A/Frameworks/vecLib.framework/Versions/A/libvMisc.dylib
0x0000000009c75000 	/System/Library/Frameworks/Accelerate.framework/Versions/A/Frameworks/vecLib.framework/Versions/A/libLAPACK.dylib
0x0000000009c75000 	/System/Library/Frameworks/Accelerate.framework/Versions/A/Frameworks/vecLib.framework/Versions/A/libBLAS.dylib
0x0000000009c75000 	/System/Library/Frameworks/ApplicationServices.framework/Versions/A/Frameworks/ATS.framework/Versions/A/Resources/libFontParser.dylib
0x0000000009c75000 	/System/Library/Frameworks/ApplicationServices.framework/Versions/A/Frameworks/ATS.framework/Versions/A/Resources/libFontRegistry.dylib
0x0000000009c75000 	/System/Library/Frameworks/ImageIO.framework/Versions/A/Resources/libJPEG.dylib
0x0000000009c75000 	/System/Library/Frameworks/ImageIO.framework/Versions/A/Resources/libTIFF.dylib
0x0000000009c75000 	/System/Library/Frameworks/ImageIO.framework/Versions/A/Resources/libPng.dylib
0x0000000009c75000 	/System/Library/Frameworks/ImageIO.framework/Versions/A/Resources/libGIF.dylib
0x0000000009c75000 	/System/Library/Frameworks/ImageIO.framework/Versions/A/Resources/libJP2.dylib
0x0000000009c75000 	/System/Library/Frameworks/ImageIO.framework/Versions/A/Resources/libRadiance.dylib
0x0000000009c75000 	/usr/lib/libcups.2.dylib
0x0000000009c75000 	/System/Library/Frameworks/Kerberos.framework/Versions/A/Kerberos
0x0000000009c75000 	/System/Library/Frameworks/GSS.framework/Versions/A/GSS
0x0000000009c75000 	/usr/lib/libresolv.9.dylib
0x0000000009c75000 	/usr/lib/libiconv.2.dylib
0x0000000009c75000 	/System/Library/PrivateFrameworks/Heimdal.framework/Versions/A/Heimdal
0x0000000009c75000 	/System/Library/PrivateFrameworks/TrustEvaluationAgent.framework/Versions/A/TrustEvaluationAgent
0x0000000009c75000 	/usr/lib/libheimdal-asn1.dylib
0x0000000009c75000 	/System/Library/Frameworks/OpenDirectory.framework/Versions/A/OpenDirectory
0x0000000009c75000 	/System/Library/PrivateFrameworks/CommonAuth.framework/Versions/A/CommonAuth
0x0000000009c75000 	/System/Library/Frameworks/SecurityFoundation.framework/Versions/A/SecurityFoundation
0x0000000009c75000 	/System/Library/PrivateFrameworks/Bom.framework/Versions/A/Bom
0x0000000009c75000 	/System/Library/Frameworks/CoreVideo.framework/Versions/A/CoreVideo
0x0000000009c75000 	/System/Library/Frameworks/QuartzCore.framework/Versions/A/Frameworks/CoreImage.framework/Versions/A/CoreImage
0x0000000009c75000 	/System/Library/Frameworks/QuartzCore.framework/Versions/A/Frameworks/ScalableUserInterface.framework/Versions/A/ScalableUserInterface
0x0000000009c75000 	/System/Library/Frameworks/OpenGL.framework/Versions/A/Libraries/libGLU.dylib
0x0000000009c75000 	/System/Library/Frameworks/OpenGL.framework/Versions/A/Libraries/libGFXShared.dylib
0x0000000009c75000 	/System/Library/Frameworks/OpenGL.framework/Versions/A/Libraries/libGL.dylib
0x0000000009c75000 	/System/Library/Frameworks/OpenGL.framework/Versions/A/Libraries/libGLImage.dylib
0x0000000009c75000 	/System/Library/Frameworks/OpenGL.framework/Versions/A/Libraries/libCVMSPluginSupport.dylib
0x0000000009c75000 	/System/Library/Frameworks/OpenGL.framework/Versions/A/Libraries/libCoreVMClient.dylib
0x0000000009c75000 	/System/Library/PrivateFrameworks/FaceCore.framework/Versions/A/FaceCore
0x0000000009c75000 	/System/Library/PrivateFrameworks/CrashReporterSupport.framework/Versions/A/CrashReporterSupport
0x0000000009c75000 	/System/Library/Frameworks/OpenCL.framework/Versions/A/OpenCL
0x0000000009c75000 	/System/Library/PrivateFrameworks/AppleFSCompression.framework/Versions/A/AppleFSCompression
0x0000000009c75000 	/System/Library/PrivateFrameworks/Ubiquity.framework/Versions/A/Ubiquity
0x0000000009c75000 	/System/Library/PrivateFrameworks/IconServices.framework/Versions/A/IconServices
0x0000000009c75000 	/System/Library/PrivateFrameworks/ChunkingLibrary.framework/Versions/A/ChunkingLibrary
0x0000000009c75000 	/System/Library/PrivateFrameworks/CoreSymbolication.framework/Versions/A/CoreSymbolication
0x0000000009c75000 	/System/Library/PrivateFrameworks/Symbolication.framework/Versions/A/Symbolication
0x0000000009c75000 	/System/Library/PrivateFrameworks/DebugSymbols.framework/Versions/A/DebugSymbols
0x0000000107e00000 	/Library/Java/JavaVirtualMachines/jdk1.8.0.jdk/Contents/Home/jre/lib/server/libjvm.dylib
0x0000000009c75000 	/usr/lib/libstdc++.6.dylib
0x0000000107599000 	/Library/Java/JavaVirtualMachines/jdk1.8.0.jdk/Contents/Home/jre/lib/libverify.dylib
0x00000001075a7000 	/Library/Java/JavaVirtualMachines/jdk1.8.0.jdk/Contents/Home/jre/lib/libjava.dylib
0x0000000108dc2000 	/Library/Java/JavaVirtualMachines/jdk1.8.0.jdk/Contents/Home/jre/lib/libjdwp.dylib
0x00000001075dc000 	/Library/Java/JavaVirtualMachines/jdk1.8.0.jdk/Contents/Home/jre/lib/libnpt.dylib
0x00000001075e9000 	/Library/Java/JavaVirtualMachines/jdk1.8.0.jdk/Contents/Home/jre/lib/libzip.dylib
0x000000011ee80000 	/System/Library/Frameworks/JavaVM.framework/Frameworks/JavaRuntimeSupport.framework/JavaRuntimeSupport
0x000000011ee98000 	/System/Library/Frameworks/JavaVM.framework/Versions/A/Frameworks/JavaNativeFoundation.framework/Versions/A/JavaNativeFoundation
0x00000001075f3000 	/System/Library/Frameworks/JavaVM.framework/Versions/A/JavaVM
0x0000000009c75000 	/System/Library/Frameworks/Carbon.framework/Versions/A/Carbon
0x000000011eead000 	/System/Library/PrivateFrameworks/JavaLaunching.framework/Versions/A/JavaLaunching
0x0000000009c75000 	/System/Library/Frameworks/Carbon.framework/Versions/A/Frameworks/CommonPanels.framework/Versions/A/CommonPanels
0x0000000009c75000 	/System/Library/Frameworks/Carbon.framework/Versions/A/Frameworks/Help.framework/Versions/A/Help
0x0000000009c75000 	/System/Library/Frameworks/Carbon.framework/Versions/A/Frameworks/ImageCapture.framework/Versions/A/ImageCapture
0x0000000009c75000 	/System/Library/Frameworks/Carbon.framework/Versions/A/Frameworks/OpenScripting.framework/Versions/A/OpenScripting
0x0000000009c75000 	/System/Library/Frameworks/Carbon.framework/Versions/A/Frameworks/Print.framework/Versions/A/Print
0x0000000009c75000 	/System/Library/Frameworks/Carbon.framework/Versions/A/Frameworks/SecurityHI.framework/Versions/A/SecurityHI
0x000000011f0c4000 	/Library/Java/JavaVirtualMachines/jdk1.8.0.jdk/Contents/Home/jre/lib/libdt_socket.dylib
0x000000011f992000 	/Library/Java/JavaVirtualMachines/jdk1.8.0.jdk/Contents/Home/jre/lib/libnet.dylib
0x000000011fc04000 	/Library/Java/JavaVirtualMachines/jdk1.8.0.jdk/Contents/Home/jre/lib/libsunec.dylib
0x000000011fa12000 	/Library/Java/JavaVirtualMachines/jdk1.8.0.jdk/Contents/Home/jre/lib/libmanagement.dylib
0x000000011fa1f000 	/Library/Java/JavaVirtualMachines/jdk1.8.0.jdk/Contents/Home/jre/lib/libnio.dylib

VM Arguments:
jvm_args: -Xdebug -Xrunjdwp:transport=dt_socket,server=n,address=54713 
java_command: com.softinstigate.restheart.Bootstrapper restheart.yml
java_class_path (initial): /Users/uji/development/restheart/target/classes:/Users/uji/.m2/repository/org/mongodb/mongo-java-driver/2.12.1/mongo-java-driver-2.12.1.jar:/Users/uji/.m2/repository/io/undertow/undertow-core/1.0.1.Final/undertow-core-1.0.1.Final.jar:/Users/uji/.m2/repository/org/jboss/logging/jboss-logging/3.1.4.GA/jboss-logging-3.1.4.GA.jar:/Users/uji/.m2/repository/org/jboss/xnio/xnio-api/3.2.0.Final/xnio-api-3.2.0.Final.jar:/Users/uji/.m2/repository/org/jboss/xnio/xnio-nio/3.2.0.Final/xnio-nio-3.2.0.Final.jar:/Users/uji/.m2/repository/org/yaml/snakeyaml/1.13/snakeyaml-1.13.jar:/Users/uji/.m2/repository/ch/qos/logback/logback-classic/1.1.2/logback-classic-1.1.2.jar:/Users/uji/.m2/repository/ch/qos/logback/logback-core/1.1.2/logback-core-1.1.2.jar:/Users/uji/.m2/repository/org/slf4j/slf4j-api/1.7.6/slf4j-api-1.7.6.jar:/Users/uji/.m2/repository/net/hamnaberg/rest/json-collection/3.1.0/json-collection-3.1.0.jar:/Users/uji/.m2/repository/net/hamnaberg/funclite/0.2.0/funclite-0.2.0.jar:/Users/uji/.m2/repository/com/fasterxml/jackson/core/jackson-databind/2.4.1.1/jackson-databind-2.4.1.1.jar:/Users/uji/.m2/repository/com/fasterxml/jackson/core/jackson-annotations/2.4.0/jackson-annotations-2.4.0.jar:/Users/uji/.m2/repository/com/fasterxml/jackson/core/jackson-core/2.4.1.1/jackson-core-2.4.1.1.jar
Launcher Type: SUN_STANDARD

Environment Variables:
JAVA_HOME=/Library/Java/JavaVirtualMachines/jdk1.8.0.jdk/Contents/Home
PATH=/usr/bin:/bin:/usr/sbin:/sbin
LD_LIBRARY_PATH=/Library/Java/JavaVirtualMachines/jdk1.8.0.jdk/Contents/Home/jre/lib/amd64:/Library/Java/JavaVirtualMachines/jdk1.8.0.jdk/Contents/Home/jre/lib/i386:
SHELL=/bin/bash
DISPLAY=/tmp/launch-1FqPsY/org.macosforge.xquartz:0
DYLD_LIBRARY_PATH=/Applications/NetBeans/NetBeans 8.0.app/Contents/Resources/NetBeans/webcommon/bin:

Signal Handlers:
SIGSEGV: [libjvm.dylib+0x55faef], sa_mask[0]=0xfffefeff, sa_flags=0x00000043
SIGBUS: [libjvm.dylib+0x55faef], sa_mask[0]=0xfffefeff, sa_flags=0x00000042
SIGFPE: [libjvm.dylib+0x44305a], sa_mask[0]=0xfffefeff, sa_flags=0x00000042
SIGPIPE: [libjvm.dylib+0x44305a], sa_mask[0]=0xfffefeff, sa_flags=0x00000042
SIGXFSZ: [libjvm.dylib+0x44305a], sa_mask[0]=0xfffefeff, sa_flags=0x00000042
SIGILL: [libjvm.dylib+0x44305a], sa_mask[0]=0xfffefeff, sa_flags=0x00000042
SIGUSR1: SIG_DFL, sa_mask[0]=0x00000000, sa_flags=0x00000002
SIGUSR2: [libjvm.dylib+0x442b78], sa_mask[0]=0x00000004, sa_flags=0x00000042
SIGHUP: [libjvm.dylib+0x440f05], sa_mask[0]=0xfffefeff, sa_flags=0x00000042
SIGINT: SIG_IGN, sa_mask[0]=0x00000000, sa_flags=0x00000000
SIGTERM: [libjvm.dylib+0x440f05], sa_mask[0]=0xfffefeff, sa_flags=0x00000042
SIGQUIT: [libjvm.dylib+0x440f05], sa_mask[0]=0xfffefeff, sa_flags=0x00000042


---------------  S Y S T E M  ---------------

OS:Bsduname:Darwin 13.3.0 Darwin Kernel Version 13.3.0: Tue Jun  3 21:27:35 PDT 2014; root:xnu-2422.110.17~1/RELEASE_X86_64 x86_64
rlimit: STACK 8192k, CORE 0k, NPROC 709, NOFILE 10240, AS infinity
load average:1.56 1.49 1.43

CPU:total 4 (2 cores per cpu, 2 threads per core) family 6 model 37 stepping 5, cmov, cx8, fxsr, mmx, sse, sse2, sse3, ssse3, sse4.1, sse4.2, popcnt, aes, clmul, ht, tsc, tscinvbit

Memory: 4k page, physical 8388608k(13512k free)

/proc/meminfo:


vm_info: Java HotSpot(TM) 64-Bit Server VM (25.0-b70) for bsd-amd64 JRE (1.8.0-b132), built on Mar  4 2014 03:11:43 by "java_re" with gcc 4.2.1 (Based on Apple Inc. build 5658) (LLVM build 2336.11.00)

time: Fri Jul 18 12:06:02 2014
elapsed time: 165 seconds

